


ARM Macro Assembler    Page 1 


    1 00000000         ; Print.s
    2 00000000         ; Student names: change this to your names or look very 
                       silly
    3 00000000         ; Last modification date: change this to the last modifi
                       cation date or look very silly
    4 00000000         ; Runs on LM4F120 or TM4C123
    5 00000000         ; EE319K lab 7 device driver for any LCD
    6 00000000         ;
    7 00000000         ; As part of Lab 7, students need to implement these LCD
                       _OutDec and LCD_OutFix
    8 00000000         ; This driver assumes two low-level LCD functions
    9 00000000         ; ST7735_OutChar   outputs a single 8-bit ASCII characte
                       r
   10 00000000         ; ST7735_OutString outputs a null-terminated string 
   11 00000000         
   12 00000000 00000000 
                       n       EQU              0
   13 00000000 00000004 
                       asterisk
                               EQU              4
   14 00000000 00000008 
                       period  EQU              8
   15 00000000 00000001 
                       asteriskSt
                               EQU              1
   16 00000000 00000002 
                       periodSt
                               EQU              2
   17 00000000         
   18 00000000                 IMPORT           ST7735_OutChar
   19 00000000                 IMPORT           ST7735_OutString
   20 00000000                 EXPORT           LCD_OutDec
   21 00000000                 EXPORT           LCD_OutFix
   22 00000000         
   23 00000000                 AREA             |.text|, CODE, READONLY, ALIGN=
2
   24 00000000                 THUMB
   25 00000000                 PRESERVE8
   26 00000000         
   27 00000000         
   28 00000000         
   29 00000000         ;-----------------------LCD_OutDec----------------------
                       -
   30 00000000         ; Output a 32-bit number in unsigned decimal format
   31 00000000         ; Input: R0 (call by value) 32-bit unsigned number
   32 00000000         ; Output: none
   33 00000000         ; Invariables: This function must not permanently modify
                        registers R4 to R11
   34 00000000         LCD_OutDec
   35 00000000 B510            PUSH             {R4,LR}     ;save registers AAP
                                                            CS
   36 00000002 B081            SUB              SP, SP, #4  ;allocate
   37 00000004 466C            MOV              R4, SP      ;stack frame pt
   38 00000006 F04F 010A       MOV              R1, #10
   39 0000000A 6020            STR              R0, [R4, #n] ;n=input
   40 0000000C         ;MOV R5, #0     ;counter
   41 0000000C 6820            LDR              R0, [R4, #n]
   42 0000000E 4288    check   CMP              R0, R1      ;n<10?
   43 00000010 D316            BLO              out



ARM Macro Assembler    Page 2 


   44 00000012         
   45 00000012 FBB0 F2F1       UDIV             R2, R0, R1  ;n/10
   46 00000016 FB02 F301       MUL              R3, R2, R1
   47 0000001A EBA0 0303       SUB              R3, R0, R3  ;modulo
   48 0000001E 4610            MOV              R0, R2      ;outdec(n/10)
   49 00000020 F7FF FFFE       BL               LCD_OutDec
   50 00000024 6820            LDR              R0, [R4, #n] ;base case
   51 00000026 F04F 010A       MOV              R1, #10
   52 0000002A FBB0 F2F1       UDIV             R2, R0, R1  ;n/10
   53 0000002E FB02 F301       MUL              R3, R2, R1
   54 00000032 EBA0 0303       SUB              R3, R0, R3  ;modulo
   55 00000036 F103 0030       ADD              R0, R3, #0x30
   56 0000003A F7FF FFFE       BL               ST7735_OutChar
   57 0000003E E003            B                done
   58 00000040         
   59 00000040 F100 0030 
                       out     ADD              R0, R0, #0x30
   60 00000044 F7FF FFFE       BL               ST7735_OutChar
   61 00000048 B001    done    ADD              SP, SP, #4  ;deallocate 1 word
   62 0000004A BD10            POP              {R4, PC}
   63 0000004C 4770            BX               LR
   64 0000004E         
   65 0000004E 4770            BX               LR
   66 00000050         ;* * * * * * * * End of LCD_OutDec * * * * * * * *
   67 00000050         
   68 00000050         ; -----------------------LCD _OutFix--------------------
                       --
   69 00000050         ; Output characters to LCD display in fixed-point format
                       
   70 00000050         ; unsigned decimal, resolution 0.001, range 0.000 to 9.9
                       99
   71 00000050         ; Inputs:  R0 is an unsigned 32-bit number
   72 00000050         ; Outputs: none
   73 00000050         ; E.g., R0=0,    then output "0.000 "
   74 00000050         ;       R0=3,    then output "0.003 "
   75 00000050         ;       R0=89,   then output "0.089 "
   76 00000050         ;       R0=123,  then output "0.123 "
   77 00000050         ;       R0=9999, then output "9.999 "
   78 00000050         ;       R0>9999, then output "*.*** "
   79 00000050         ; Invariables: This function must not permanently modify
                        registers R4 to R11
   80 00000050         LCD_OutFix
   81 00000050 B570            PUSH             {R4-R6,LR}  ;save registers AAP
                                                            SC
   82 00000052 B083            SUB              SP, SP, #12 ;allocate 3 word
   83 00000054 466C            MOV              R4, SP      ;stack frame pt
   84 00000056 6020            STR              R0, [R4, #n] ;x=input
   85 00000058 F04F 052A       MOV              R5, #0x2A   ;*
   86 0000005C 6065            STR              R5, [R4, #asterisk]
   87 0000005E F04F 052E       MOV              R5, #0x2E   ;.
   88 00000062 60A5            STR              R5, [R4, #period]
   89 00000064 F04F 0500       MOV              R5, #0      ;counter
   90 00000068 6820            LDR              R0, [R4, #n]
   91 0000006A F242 710F       MOV              R1, #9999
   92 0000006E 4288            CMP              R0, R1
   93 00000070 D239            BHS              max
   94 00000072 F44F 717A       MOV              R1, #1000
   95 00000076 FBB0 F2F1       UDIV             R2, R0, R1  ;x/1000 = R2
   96 0000007A FB02 F301       MUL              R3, R2, R1



ARM Macro Assembler    Page 3 


   97 0000007E EBA0 0503       SUB              R5, R0, R3  ;modulo = R3
   98 00000082 F102 0030       ADD              R0, R2, #0x30
   99 00000086 F7FF FFFE       BL               ST7735_OutChar
  100 0000008A F04F 002E       LDR              R0, =0x2E
  101 0000008E F7FF FFFE       BL               ST7735_OutChar ;output decimal 
                                                            point
  102 00000092 F04F 0164       MOV              R1, #100
  103 00000096 4628            MOV              R0, R5      ;x=remainder
  104 00000098 FBB0 F2F1       UDIV             R2, R0, R1  ;x/100
  105 0000009C FB02 F301       MUL              R3, R2, R1
  106 000000A0 EBA0 0503       SUB              R5, R0, R3  ;modulo 
  107 000000A4 F102 0030       ADD              R0, R2, #0x30
  108 000000A8 F7FF FFFE       BL               ST7735_OutChar
  109 000000AC 4628            MOV              R0, R5      ;x=remainder
  110 000000AE F04F 010A       MOV              R1, #10
  111 000000B2 FBB0 F2F1       UDIV             R2, R0, R1  ;x/10
  112 000000B6 FB02 F301       MUL              R3, R2, R1
  113 000000BA EBA0 0503       SUB              R5, R0, R3  ;modulo 
  114 000000BE F102 0030       ADD              R0, R2, #0x30
  115 000000C2 F7FF FFFE       BL               ST7735_OutChar
  116 000000C6 4628            MOV              R0, R5      ;x=remainder
  117 000000C8 F04F 0101       MOV              R1, #1
  118 000000CC FBB0 F2F1       UDIV             R2, R0, R1  ;x/1
  119 000000D0 FB02 F301       MUL              R3, R2, R1
  120 000000D4 EBA0 0503       SUB              R5, R0, R3  ;modulo 
  121 000000D8 F102 0030       ADD              R0, R2, #0x30
  122 000000DC F7FF FFFE       BL               ST7735_OutChar
  123 000000E0 B003            ADD              SP, SP, #12 ;deallocate
  124 000000E2 BD70            POP              {R4-R6, PC}
  125 000000E4 4770            BX               LR
  126 000000E6         
  127 000000E6 6860    max     LDR              R0, [R4, #asterisk] ;output *.*
                                                            ** because I'm too 
                                                            stupid to use OutSt
                                                            ring
  128 000000E8 F7FF FFFE       BL               ST7735_OutChar
  129 000000EC 68A0            LDR              R0, [R4, #period]
  130 000000EE F7FF FFFE       BL               ST7735_OutChar
  131 000000F2 6860            LDR              R0, [R4, #asterisk]
  132 000000F4 F7FF FFFE       BL               ST7735_OutChar
  133 000000F8 6860            LDR              R0, [R4, #asterisk]
  134 000000FA F7FF FFFE       BL               ST7735_OutChar
  135 000000FE 6860            LDR              R0, [R4, #asterisk]
  136 00000100 F7FF FFFE       BL               ST7735_OutChar
  137 00000104 B003            ADD              SP, SP, #12 ;deallocate
  138 00000106 BD70            POP              {R4-R6, PC}
  139 00000108 4770            BX               LR
  140 0000010A 4770            BX               LR
  141 0000010C         
  142 0000010C                 ALIGN
  143 0000010C         ;* * * * * * * * End of LCD_OutFix * * * * * * * *
  144 0000010C         
  145 0000010C                 ALIGN                        ; make sure the end
                                                             of this section is
                                                             aligned
  146 0000010C                 END                          ; end of file
Command Line: --debug --xref --cpu=Cortex-M4 --apcs=interwork --depend=.\print.
d -o.\print.o -IC:\Keil\ARM\RV31\INC -IC:\Keil\ARM\CMSIS\Include -IC:\Keil\ARM\
Inc\Luminary --list=.\print.lst Print.s



ARM Macro Assembler    Page 1 Alphabetic symbol ordering
Relocatable symbols

.text 00000000

Symbol: .text
   Definitions
      At line 23 in file Print.s
   Uses
      None
Comment: .text unused
LCD_OutDec 00000000

Symbol: LCD_OutDec
   Definitions
      At line 34 in file Print.s
   Uses
      At line 20 in file Print.s
      At line 49 in file Print.s

LCD_OutFix 00000050

Symbol: LCD_OutFix
   Definitions
      At line 80 in file Print.s
   Uses
      At line 21 in file Print.s
Comment: LCD_OutFix used once
check 0000000E

Symbol: check
   Definitions
      At line 42 in file Print.s
   Uses
      None
Comment: check unused
done 00000048

Symbol: done
   Definitions
      At line 61 in file Print.s
   Uses
      At line 57 in file Print.s
Comment: done used once
max 000000E6

Symbol: max
   Definitions
      At line 127 in file Print.s
   Uses
      At line 93 in file Print.s
Comment: max used once
out 00000040

Symbol: out
   Definitions
      At line 59 in file Print.s
   Uses
      At line 43 in file Print.s
Comment: out used once
7 symbols



ARM Macro Assembler    Page 1 Alphabetic symbol ordering
Absolute symbols

asterisk 00000004

Symbol: asterisk
   Definitions
      At line 13 in file Print.s
   Uses
      At line 86 in file Print.s
      At line 127 in file Print.s
      At line 131 in file Print.s
      At line 133 in file Print.s
      At line 135 in file Print.s

asteriskSt 00000001

Symbol: asteriskSt
   Definitions
      At line 15 in file Print.s
   Uses
      None
Comment: asteriskSt unused
n 00000000

Symbol: n
   Definitions
      At line 12 in file Print.s
   Uses
      At line 39 in file Print.s
      At line 41 in file Print.s
      At line 50 in file Print.s
      At line 84 in file Print.s
      At line 90 in file Print.s

period 00000008

Symbol: period
   Definitions
      At line 14 in file Print.s
   Uses
      At line 88 in file Print.s
      At line 129 in file Print.s

periodSt 00000002

Symbol: periodSt
   Definitions
      At line 16 in file Print.s
   Uses
      None
Comment: periodSt unused
5 symbols



ARM Macro Assembler    Page 1 Alphabetic symbol ordering
External symbols

ST7735_OutChar 00000000

Symbol: ST7735_OutChar
   Definitions
      At line 18 in file Print.s
   Uses
      At line 56 in file Print.s
      At line 60 in file Print.s
      At line 99 in file Print.s
      At line 101 in file Print.s
      At line 108 in file Print.s
      At line 115 in file Print.s
      At line 122 in file Print.s
      At line 128 in file Print.s
      At line 130 in file Print.s
      At line 132 in file Print.s
      At line 134 in file Print.s
      At line 136 in file Print.s

ST7735_OutString 00000000

Symbol: ST7735_OutString
   Definitions
      At line 19 in file Print.s
   Uses
      None
Comment: ST7735_OutString unused
2 symbols
344 symbols in table
